app/build/outputs/mapping/debug/seeds.txt
com.smartcodies.cicddemo.MainActivity
com.smartcodies.cicddemo.MainActivity: MainActivity()
...
androidx.appcompat.widget.ActionBarOverlayLayout: void setWindowCallback(android.view.Window$Callback)
androidx.appcompat.widget.SearchView: void setIconifiedByDefault(boolean)
androidx.transition.FragmentTransitionSupport: FragmentTransitionSupport()
androidx.appcompat.widget.LinearLayoutCompat: int getGravity()
androidx.appcompat.view.menu.ActionMenuItemView: void setExpandedFormat(boolean)
com.google.android.material.checkbox.MaterialCheckBox: void setButtonDrawable(android.graphics.drawable.Drawable)
androidx.constraintlayout.widget.ConstraintHelper: int[] getReferencedIds()
androidx.appcompat.widget.ViewStubCompat: void setVisibility(int)
androidx.core.widget.CompoundButtonCompat$Api21Impl: android.graphics.PorterDuff$Mode getButtonTintMode(android.widget.CompoundButton)
androidx.recyclerview.widget.LinearLayoutManager: LinearLayoutManager(android.content.Context,android.util.AttributeSet,int,int)
com.google.android.material.chip.Chip: void setEnsureMinTouchTargetSize(boolean)
com.google.android.datatransport.cct.internal.ClientInfo$ClientType: com.google.android.datatransport.cct.internal.ClientInfo$ClientType[] values()
com.google.android.datatransport.runtime.backends.BackendResponse$Status: com.google.android.datatransport.runtime.backends.BackendResponse$Status[] values()
androidx.appcompat.widget.Toolbar: void setTitleMarginEnd(int)
androidx.appcompat.widget.SearchView: void setAppSearchData(android.os.Bundle)
androidx.core.graphics.drawable.DrawableCompat$Api19Impl: int getAlpha(android.graphics.drawable.Drawable)
androidx.appcompat.widget.AppCompatEditText: void setSupportCompoundDrawablesTintList(android.content.res.ColorStateList)
com.google.android.material.datepicker.MaterialCalendarGridView: MaterialCalendarGridView(android.content.Context,android.util.AttributeSet)
androidx.appcompat.widget.FitWindowsLinearLayout: void setOnFitSystemWindowsListener(androidx.appcompat.widget.FitWindowsViewGroup$OnFitSystemWindowsListener)
com.google.android.material.button.MaterialButton: void setBackgroundDrawable(android.graphics.drawable.Drawable)
com.google.android.material.textfield.TextInputLayout: int getEndIconMode()
androidx.vectordrawable.graphics.drawable.VectorDrawableCompat$VFullPath: float getTrimPathEnd()
androidx.recyclerview.widget.RecyclerView: void setOnFlingListener(androidx.recyclerview.widget.RecyclerView$OnFlingListener)
com.google.android.material.chip.Chip: void setCloseIconEndPaddingResource(int)
com.google.android.material.chip.Chip: void setCloseIconSize(float)
com.google.android.material.timepicker.ChipTextInputComboView: ChipTextInputComboView(android.content.Context,android.util.AttributeSet)
androidx.appcompat.resources.Compatibility$Api15Impl: void getValueForDensity(android.content.res.Resources,int,int,android.util.TypedValue,boolean)
com.google.android.material.chip.Chip: void setChipMinHeightResource(int)
androidx.core.view.WindowCompat$Api30Impl: void setDecorFitsSystemWindows(android.view.Window,boolean)
androidx.vectordrawable.graphics.drawable.VectorDrawableCompat$VGroup: float getTranslateY()
com.google.android.gms.measurement.internal.AppMeasurementDynamiteService: void setDefaultEventParameters(android.os.Bundle)
com.google.android.material.button.MaterialButton: int getTextLayoutWidth()
androidx.appcompat.widget.Toolbar: void setContentInsetStartWithNavigation(int)
androidx.vectordrawable.graphics.drawable.VectorDrawableCompat$VGroup: float getTranslateX()
com.google.android.material.checkbox.MaterialCheckBox: void setButtonTintMode(android.graphics.PorterDuff$Mode)
com.google.android.material.textfield.TextInputLayout: TextInputLayout(android.content.Context,android.util.AttributeSet)
androidx.constraintlayout.core.widgets.analyzer.DependencyNode$Type: androidx.constraintlayout.core.widgets.analyzer.DependencyNode$Type valueOf(java.lang.String)
androidx.core.widget.ImageViewCompat$Api21Impl: void setImageTintMode(android.widget.ImageView,android.graphics.PorterDuff$Mode)