app/build/outputs/mapping/debug/mapping.txt
# compiler: R8
# compiler_version: 8.0.35
# min_api: 24
# common_typos_disable
# {"id":"com.android.tools.r8.mapping","version":"2.1"}
# pg_map_id: 1ee109d
# pg_map_hash: SHA-256 1ee109d444eb7d762efd7d02b523cd9686d40b3e2145b8d9ebe6b6f663910f83
com.smartcodies.cicddemo.MainActivity -> com.smartcodies.cicddemo.MainActivity:
    com.smartcodies.cicddemo.databinding.ActivityMainBinding mBinding -> z
    0:65535:com.smartcodies.cicddemo.databinding.ActivityMainBinding getMBinding():0:0 -> Q
    0:65535:void setMBinding(com.smartcodies.cicddemo.databinding.ActivityMainBinding):0:0 -> R
com.smartcodies.cicddemo.databinding.ActivityMainBinding -> q3.a:
    androidx.constraintlayout.widget.ConstraintLayout rootView -> a
    android.widget.TextView tvText -> b
    0:65535:void <init>(androidx.constraintlayout.widget.ConstraintLayout,android.widget.TextView):0:0 -> <init>
    0:65535:com.smartcodies.cicddemo.databinding.ActivityMainBinding bind(android.view.View):0:0 -> a
    0:65535:androidx.constraintlayout.widget.ConstraintLayout getRoot():0:0 -> b
    0:65535:com.smartcodies.cicddemo.databinding.ActivityMainBinding inflate(android.view.LayoutInflater):0:0 -> c
    0:65535:com.smartcodies.cicddemo.databinding.ActivityMainBinding inflate(android.view.LayoutInflater,android.view.ViewGroup,boolean):0:0 -> d
...
com.google.android.gms.internal.measurement.zzlz -> com.google.android.gms.internal.measurement.la:
    com.google.android.gms.internal.measurement.zzmg[] zza -> a
    0:65535:com.google.android.gms.internal.measurement.zzmf zzb(java.lang.Class):0:0 -> a
    0:65535:boolean zzc(java.lang.Class):0:0 -> b
com.google.android.gms.internal.measurement.zzm -> com.google.android.gms.internal.measurement.ma:
    com.google.android.gms.internal.measurement.zzo zza -> k
    0:65535:com.google.android.gms.internal.measurement.zzap zza(com.google.android.gms.internal.measurement.zzg,java.util.List):0:0 -> a
com.google.android.gms.internal.measurement.zzma -> com.google.android.gms.internal.measurement.na:
    com.google.android.gms.internal.measurement.zzmg zzb -> a
    com.google.android.gms.internal.measurement.zzmg zza -> b
    0:65535:com.google.android.gms.internal.measurement.zzmt zza(java.lang.Class):0:0 -> a
    0:65535:boolean zzb(com.google.android.gms.internal.measurement.zzmf):0:0 -> b
com.google.android.gms.internal.measurement.zzmc -> com.google.android.gms.internal.measurement.oa:
    boolean zzb -> i
    com.google.android.gms.internal.measurement.zzmc zza -> j
    1:1:void <init>():0:0 -> <init>
    2:2:void <init>(java.util.Map):0:0 -> <init>
    0:65535:com.google.android.gms.internal.measurement.zzmc zza():0:0 -> a
    0:65535:com.google.android.gms.internal.measurement.zzmc zzb():0:0 -> d
    0:65535:void zzc():0:0 -> e
    0:65535:void zzd(com.google.android.gms.internal.measurement.zzmc):0:0 -> g
    0:65535:boolean zze():0:0 -> h
    0:65535:int zzf(java.lang.Object):0:0 -> i
    0:65535:void zzg():0:0 -> j
com.google.android.gms.internal.measurement.zzmd -> com.google.android.gms.internal.measurement.pa:
    0:65535:int zza(int,java.lang.Object,java.lang.Object):0:0 -> a
    0:65535:java.lang.Object zzb(java.lang.Object,java.lang.Object):0:0 -> b
com.google.android.gms.internal.measurement.zzme -> com.google.android.gms.internal.measurement.qa:
    com.google.android.gms.internal.measurement.zzmd zza -> a
    com.google.android.gms.internal.measurement.zzmd zzb -> b
    0:65535:com.google.android.gms.internal.measurement.zzmd zza():0:0 -> a
    0:65535:com.google.android.gms.internal.measurement.zzmd zzb():0:0 -> b
com.google.android.gms.internal.measurement.zzmf -> com.google.android.gms.internal.measurement.ra:
    com.google.android.gms.internal.measurement.zzmi zza() -> a
    boolean zzb() -> b
    int zzc() -> c
com.google.android.gms.internal.measurement.zzmg -> com.google.android.gms.internal.measurement.sa:
    com.google.android.gms.internal.measurement.zzmf zzb(java.lang.Class) -> a
    boolean zzc(java.lang.Class) -> b
com.google.android.gms.internal.measurement.zzmh -> com.google.android.gms.internal.measurement.ta:
    com.google.android.gms.internal.measurement.zzmh zzaz(byte[],com.google.android.gms.internal.measurement.zzkn) -> b
    com.google.android.gms.internal.measurement.zzmh zzay(byte[]) -> c
    com.google.android.gms.internal.measurement.zzmi zzaF() -> f
com.google.android.gms.internal.measurement.zzmi -> com.google.android.gms.internal.measurement.ua:
    com.google.android.gms.internal.measurement.zzmh zzbJ() -> a
    void zzbQ(com.google.android.gms.internal.measurement.zzki) -> d
    int zzbz() -> g
com.google.android.gms.internal.measurement.zzmj -> com.google.android.gms.internal.measurement.va:
    com.google.android.gms.internal.measurement.zzmi zzbV() -> e
com.google.android.gms.internal.measurement.zzmk -> com.google.android.gms.internal.measurement.wa:
    char[] zza -> a
    0:65535:java.lang.String zza(com.google.android.gms.internal.measurement.zzmi,java.lang.String):0:0 -> a
    0:65535:void zzb(java.lang.StringBuilder,int,java.lang.String,java.lang.Object):0:0 -> b
    0:65535:void zzc(int,java.lang.StringBuilder):0:0 -> c
    0:65535:void zzd(com.google.android.gms.internal.measurement.zzmi,java.lang.StringBuilder,int):0:0 -> d