app/build/outputs/mapping/debug/usage.txt
com.smartcodies.cicddemo.BuildConfig
com.smartcodies.cicddemo.R$color
com.smartcodies.cicddemo.R$drawable
com.smartcodies.cicddemo.R$id
com.smartcodies.cicddemo.R$layout
com.smartcodies.cicddemo.R$mipmap
com.smartcodies.cicddemo.R$string
com.smartcodies.cicddemo.R$style
com.smartcodies.cicddemo.R$xml
com.smartcodies.cicddemo.R
com.smartcodies.cicddemo.databinding.ActivityMainBinding:
    public synthetic bridge android.view.View getRoot()
...
com.google.android.material.bottomsheet.BottomSheetDragHandleView$1
com.google.android.material.bottomsheet.BottomSheetDragHandleView$2
com.google.android.material.bottomsheet.BottomSheetDragHandleView
com.google.android.material.button.MaterialButton$IconGravity
com.google.android.material.button.MaterialButton:
    public static final int ICON_GRAVITY_END
    public static final int ICON_GRAVITY_START
    public static final int ICON_GRAVITY_TEXT_END
    public static final int ICON_GRAVITY_TEXT_START
    public static final int ICON_GRAVITY_TEXT_TOP
    public static final int ICON_GRAVITY_TOP
    private static final java.lang.String LOG_TAG
    public void <init>(android.content.Context)
    public void addOnCheckedChangeListener(com.google.android.material.button.MaterialButton$OnCheckedChangeListener)
    public void clearOnCheckedChangeListeners()
    public boolean isToggleCheckedStateOnClick()
    public void removeOnCheckedChangeListener(com.google.android.material.button.MaterialButton$OnCheckedChangeListener)
com.google.android.material.button.MaterialButtonToggleGroup:
    private static final java.lang.String LOG_TAG
    public void <init>(android.content.Context)
    public void check(int)
    public void clearOnButtonCheckedListeners()
    public boolean isSelectionRequired()
    public void removeOnButtonCheckedListener(com.google.android.material.button.MaterialButtonToggleGroup$OnButtonCheckedListener)
    public void uncheck(int)
com.google.android.material.canvas.CanvasCompat:
    private void <init>()
    public static int saveLayerAlpha(android.graphics.Canvas,android.graphics.RectF,int)
com.google.android.material.card.MaterialCardView$CheckedIconGravity
com.google.android.material.card.MaterialCardView$OnCheckedChangeListener
com.google.android.material.card.MaterialCardView:
    private static final java.lang.String ACCESSIBILITY_CLASS_NAME
    private static final int[] CHECKABLE_STATE_SET
    public static final int CHECKED_ICON_GRAVITY_BOTTOM_END
    public static final int CHECKED_ICON_GRAVITY_BOTTOM_START
    public static final int CHECKED_ICON_GRAVITY_TOP_END
    public static final int CHECKED_ICON_GRAVITY_TOP_START
    private static final int[] CHECKED_STATE_SET
    private static final int DEF_STYLE_RES
    private static final int[] DRAGGED_STATE_SET
    private static final java.lang.String LOG_TAG
    private final com.google.android.material.card.MaterialCardViewHelper cardViewHelper
    private boolean checked
    private boolean dragged
    private boolean isParentCardViewDoneInitializing
    private com.google.android.material.card.MaterialCardView$OnCheckedChangeListener onCheckedChangeListener
    static void <clinit>()
    public void <init>(android.content.Context)
    public void <init>(android.content.Context,android.util.AttributeSet)
    public void <init>(android.content.Context,android.util.AttributeSet,int)
    static synthetic float access$001(com.google.android.material.card.MaterialCardView)
    private void forceRippleRedrawIfNeeded()
    private android.graphics.RectF getBoundsAsRectF()
    public android.content.res.ColorStateList getCardBackgroundColor()
    public android.content.res.ColorStateList getCardForegroundColor()
    float getCardViewRadius()
com.google.android.material.card.MaterialCardViewHelper$1
com.google.android.material.card.MaterialCardViewHelper
com.google.android.material.checkbox.MaterialCheckBox$CheckedState